<?xml version="1.0" encoding="utf-8"?><testsuites name="pytest tests"><testsuite name="pytest" errors="0" failures="0" skipped="0" tests="32" time="5.592" timestamp="2026-07-13T08:00:57.966693+00:00" hostname="agent-env-02aeed65-9f77-49e7-ad4e-150740383332"><testcase classname="tests.backend_test.TestAuth" name="test_bootstrap_status" time="0.652" /><testcase classname="tests.backend_test.TestPriceRecords" name="test_create_record_and_get" time="0.740" /><testcase classname="tests.backend_test.TestAuth" name="test_register_closed" time="0.126" /><testcase classname="tests.backend_test.TestPriceRecords" name="test_list_with_search" time="0.698" /><testcase classname="tests.backend_test.TestAuth" name="test_login_wrong_password" time="0.313" /><testcase classname="tests.backend_test.TestAuth" name="test_login_success_sets_httponly_cookie" time="0.346" /><testcase classname="tests.backend_test.TestAuth" name="test_me_authenticated" time="0.043" /><testcase classname="tests.backend_test.TestPriceRecords" name="test_batch_create" time="0.126" /><testcase classname="tests.backend_test.TestAuth" name="test_me_unauthenticated" time="0.132" /><testcase classname="tests.backend_test.TestPriceRecords" name="test_by_part" time="0.363" /><testcase classname="tests.backend_test.TestAuth" name="test_logout_clears_cookies" time="0.432" /><testcase classname="tests.backend_test.TestPriceRecords" name="test_by_part_404" time="0.045" /><testcase classname="tests.backend_test.TestPriceRecords" name="test_update_record" time="0.175" /><testcase classname="tests.backend_test.TestPriceRecords" name="test_delete_record" time="0.335" /><testcase classname="tests.test_export_duplicate.TestDuplicateCPQ" name="test_duplicate_success" time="0.481" /><testcase classname="tests.test_export_duplicate.TestExportXlsx" name="test_export_unauth_returns_401" time="0.092" /><testcase classname="tests.test_export_duplicate.TestDuplicateCPQ" name="test_duplicate_with_new_cpq_number_and_date" time="0.092" /><testcase classname="tests.test_export_duplicate.TestDuplicateCPQ" name="test_duplicate_source_not_found" time="0.046" /><testcase classname="tests.test_export_duplicate.TestDuplicateCPQ" name="test_duplicate_empty_target_customers" time="0.232" /><testcase classname="tests.test_export_duplicate.TestDuplicateCPQ" name="test_duplicate_blank_target_customers" time="0.081" /><testcase classname="tests.test_export_duplicate.TestExportXlsx" name="test_export_all_records" time="0.410" /><testcase classname="tests.test_export_duplicate.TestDuplicateCPQ" name="test_duplicate_unauth" time="0.093" /><testcase classname="tests.test_export_duplicate.TestExportXlsx" name="test_export_with_q_filter" time="0.392" /><testcase classname="tests.backend_test.TestUsers" name="test_list_users" time="0.113" /><testcase classname="tests.backend_test.TestUsers" name="test_invite_user" time="0.785" /><testcase classname="tests.test_export_duplicate.TestExportXlsx" name="test_export_with_part_no" time="0.245" /><testcase classname="tests.test_export_duplicate.TestExportXlsx" name="test_export_filename_scoped_to_part" time="0.047" /><testcase classname="tests.backend_test.TestAuthRequired" name="test_price_records_unauth" time="0.298" /><testcase classname="tests.backend_test.TestAuthRequired" name="test_stats_unauth" time="0.317" /><testcase classname="tests.backend_test.TestImport" name="test_import_preview_and_commit" time="0.488" /><testcase classname="tests.backend_test.TestStats" name="test_stats" time="0.708" /><testcase classname="tests.backend_test.TestImport" name="test_import_invalid_file_type" time="0.487" /></testsuite></testsuites>