<?xml version="1.0" encoding="utf-8"?><testsuites name="pytest tests"><testsuite name="pytest" errors="0" failures="0" skipped="0" tests="11" time="1.770" timestamp="2026-07-13T07:46:32.210920+00:00" hostname="agent-env-02aeed65-9f77-49e7-ad4e-150740383332"><testcase classname="tests.test_export_duplicate.TestExportXlsx" name="test_export_unauth_returns_401" time="0.224" /><testcase classname="tests.test_export_duplicate.TestExportXlsx" name="test_export_all_records" time="0.573" /><testcase classname="tests.test_export_duplicate.TestDuplicateCPQ" name="test_duplicate_success" time="0.784" /><testcase classname="tests.test_export_duplicate.TestDuplicateCPQ" name="test_duplicate_with_new_cpq_number_and_date" time="0.125" /><testcase classname="tests.test_export_duplicate.TestExportXlsx" name="test_export_with_q_filter" time="0.303" /><testcase classname="tests.test_export_duplicate.TestDuplicateCPQ" name="test_duplicate_source_not_found" time="0.102" /><testcase classname="tests.test_export_duplicate.TestDuplicateCPQ" name="test_duplicate_empty_target_customers" time="0.049" /><testcase classname="tests.test_export_duplicate.TestDuplicateCPQ" name="test_duplicate_blank_target_customers" time="0.048" /><testcase classname="tests.test_export_duplicate.TestDuplicateCPQ" name="test_duplicate_unauth" time="0.096" /><testcase classname="tests.test_export_duplicate.TestExportXlsx" name="test_export_with_part_no" time="0.105" /><testcase classname="tests.test_export_duplicate.TestExportXlsx" name="test_export_filename_scoped_to_part" time="0.052" /></testsuite></testsuites>