<?xml version="1.0" encoding="utf-8"?><testsuites name="pytest tests"><testsuite name="pytest" errors="0" failures="0" skipped="0" tests="39" time="35.505" timestamp="2026-07-13T11:35:52.233605+00:00" hostname="agent-env-02aeed65-9f77-49e7-ad4e-150740383332"><testcase classname="tests.backend_test.TestAuth" name="test_bootstrap_status" time="1.447" /><testcase classname="tests.backend_test.TestAuth" name="test_register_closed" time="0.738" /><testcase classname="tests.backend_test.TestPriceRecords" name="test_create_record_and_get" time="4.213" /><testcase classname="tests.backend_test.TestAuth" name="test_login_wrong_password" time="0.772" /><testcase classname="tests.backend_test.TestAuth" name="test_login_success_sets_httponly_cookie" time="0.800" /><testcase classname="tests.backend_test.TestAuth" name="test_me_authenticated" time="0.499" /><testcase classname="tests.backend_test.TestPriceRecords" name="test_list_with_search" time="5.101" /><testcase classname="tests.backend_test.TestAuth" name="test_me_unauthenticated" time="0.101" /><testcase classname="tests.backend_test.TestAuth" name="test_logout_clears_cookies" time="0.895" /><testcase classname="tests.test_export_duplicate.TestDuplicateCPQ" name="test_duplicate_success" time="4.818" /><testcase classname="tests.backend_test.TestPriceRecords" name="test_batch_create" time="2.414" /><testcase classname="tests.test_export_duplicate.TestDuplicateCPQ" name="test_duplicate_with_new_cpq_number_and_date" time="2.656" /><testcase classname="tests.backend_test.TestPriceRecords" name="test_by_part" time="2.852" /><testcase classname="tests.test_export_duplicate.TestDuplicateCPQ" name="test_duplicate_source_not_found" time="0.950" /><testcase classname="tests.test_export_duplicate.TestDuplicateCPQ" name="test_duplicate_empty_target_customers" time="0.497" /><testcase classname="tests.test_export_duplicate.TestDuplicateCPQ" name="test_duplicate_blank_target_customers" time="0.958" /><testcase classname="tests.backend_test.TestPriceRecords" name="test_by_part_404" time="0.951" /><testcase classname="tests.test_export_duplicate.TestDuplicateCPQ" name="test_duplicate_unauth" time="0.122" /><testcase classname="tests.test_export_duplicate.TestExportXlsx" name="test_export_unauth_returns_401" time="0.111" /><testcase classname="tests.test_export_duplicate.TestExportXlsx" name="test_export_all_records" time="0.973" /><testcase classname="tests.backend_test.TestPriceRecords" name="test_update_record" time="2.862" /><testcase classname="tests.test_export_duplicate.TestExportXlsx" name="test_export_with_q_filter" time="1.131" /><testcase classname="tests.backend_test.TestPriceRecords" name="test_delete_record" time="2.947" /><testcase classname="tests.test_export_duplicate.TestExportXlsx" name="test_export_with_part_no" time="1.909" /><testcase classname="tests.test_export_duplicate.TestExportXlsx" name="test_export_filename_scoped_to_part" time="0.955" /><testcase classname="tests.backend_test.TestUsers" name="test_list_users" time="0.960" /><testcase classname="tests.backend_test.TestUsers" name="test_invite_user" time="3.889" /><testcase classname="tests.test_cookie_flags.TestLoginCookies" name="test_two_cookies_present" time="0.892" /><testcase classname="tests.test_cookie_flags.TestLoginCookies" name="test_access_token_flags_default" time="0.000" /><testcase classname="tests.test_cookie_flags.TestLoginCookies" name="test_refresh_token_flags_default" time="0.000" /><testcase classname="tests.backend_test.TestAuthRequired" name="test_price_records_unauth" time="0.102" /><testcase classname="tests.backend_test.TestAuthRequired" name="test_stats_unauth" time="0.094" /><testcase classname="tests.test_cookie_flags.TestCORS" name="test_actual_request_returns_cors_credentials_header" time="0.868" /><testcase classname="tests.test_cookie_flags.TestCORS" name="test_preflight_headers_present" time="0.070" /><testcase classname="tests.backend_test.TestStats" name="test_stats" time="2.638" /><testcase classname="tests.backend_test.TestImport" name="test_import_preview_and_commit" time="3.852" /><testcase classname="tests.test_cookie_flags.TestRefreshCookie" name="test_refresh_endpoint_sets_access_cookie_with_same_flags" time="1.271" /><testcase classname="tests.test_cookie_flags.TestLogoutClearsCookies" name="test_logout_clears_both_cookies" time="7.636" /><testcase classname="tests.backend_test.TestImport" name="test_import_invalid_file_type" time="3.172" /></testsuite></testsuites>