<?xml version="1.0" encoding="utf-8"?><testsuites name="pytest tests"><testsuite name="pytest" errors="0" failures="0" skipped="0" tests="21" time="4.526" timestamp="2026-07-13T07:21:03.087586+00:00" hostname="agent-env-02aeed65-9f77-49e7-ad4e-150740383332"><testcase classname="tests.backend_test.TestPriceRecords" name="test_create_record_and_get" time="0.610" /><testcase classname="tests.backend_test.TestAuth" name="test_bootstrap_status" time="0.722" /><testcase classname="tests.backend_test.TestPriceRecords" name="test_list_with_search" time="0.255" /><testcase classname="tests.backend_test.TestAuth" name="test_register_closed" time="0.123" /><testcase classname="tests.backend_test.TestAuth" name="test_login_wrong_password" time="0.353" /><testcase classname="tests.backend_test.TestPriceRecords" name="test_batch_create" time="0.293" /><testcase classname="tests.backend_test.TestPriceRecords" name="test_by_part" time="0.358" /><testcase classname="tests.backend_test.TestAuth" name="test_login_success_sets_httponly_cookie" time="0.318" /><testcase classname="tests.backend_test.TestAuth" name="test_me_authenticated" time="0.043" /><testcase classname="tests.backend_test.TestPriceRecords" name="test_by_part_404" time="0.082" /><testcase classname="tests.backend_test.TestAuth" name="test_me_unauthenticated" time="0.132" /><testcase classname="tests.backend_test.TestPriceRecords" name="test_update_record" time="0.165" /><testcase classname="tests.backend_test.TestAuth" name="test_logout_clears_cookies" time="0.483" /><testcase classname="tests.backend_test.TestPriceRecords" name="test_delete_record" time="0.364" /><testcase classname="tests.backend_test.TestImport" name="test_import_preview_and_commit" time="0.628" /><testcase classname="tests.backend_test.TestUsers" name="test_list_users" time="0.041" /><testcase classname="tests.backend_test.TestUsers" name="test_invite_user" time="0.811" /><testcase classname="tests.backend_test.TestImport" name="test_import_invalid_file_type" time="0.546" /><testcase classname="tests.backend_test.TestStats" name="test_stats" time="0.228" /><testcase classname="tests.backend_test.TestAuthRequired" name="test_price_records_unauth" time="0.089" /><testcase classname="tests.backend_test.TestAuthRequired" name="test_stats_unauth" time="0.582" /></testsuite></testsuites>